This is pdfTeX, Version 3.14159265-2.6-1.40.17 (MiKTeX 2.9.6210 64-bit) (preloaded format=pdflatex 2017.2.10)  15 FEB 2017 11:28
entering extended mode
**./example2.tex
(example2.tex
LaTeX2e <2017/01/01> patch level 1
Babel <3.9r> and hyphenation patterns for 75 language(s) loaded.

("C:\Users\crisologo\AppData\Local\Programs\MiKTeX 2.9\tex\latex\base\article.c
ls"
Document Class: article 2014/09/29 v1.4h Standard LaTeX document class

("C:\Users\crisologo\AppData\Local\Programs\MiKTeX 2.9\tex\latex\base\size10.cl
o"
File: size10.clo 2014/09/29 v1.4h Standard LaTeX file (size option)
)
\c@part=\count79
\c@section=\count80
\c@subsection=\count81
\c@subsubsection=\count82
\c@paragraph=\count83
\c@subparagraph=\count84
\c@figure=\count85
\c@table=\count86
\abovecaptionskip=\skip41
\belowcaptionskip=\skip42
\bibindent=\dimen102
) (example2.aux)
\openout1 = `example2.aux'.

LaTeX Font Info:    Checking defaults for OML/cmm/m/it on input line 3.
LaTeX Font Info:    ... okay on input line 3.
LaTeX Font Info:    Checking defaults for T1/cmr/m/n on input line 3.
LaTeX Font Info:    ... okay on input line 3.
LaTeX Font Info:    Checking defaults for OT1/cmr/m/n on input line 3.
LaTeX Font Info:    ... okay on input line 3.
LaTeX Font Info:    Checking defaults for OMS/cmsy/m/n on input line 3.
LaTeX Font Info:    ... okay on input line 3.
LaTeX Font Info:    Checking defaults for OMX/cmex/m/n on input line 3.
LaTeX Font Info:    ... okay on input line 3.
LaTeX Font Info:    Checking defaults for U/cmr/m/n on input line 3.
LaTeX Font Info:    ... okay on input line 3.
LaTeX Font Info:    External font `cmex10' loaded for size
(Font)              <12> on input line 10.
LaTeX Font Info:    External font `cmex10' loaded for size
(Font)              <8> on input line 10.
LaTeX Font Info:    External font `cmex10' loaded for size
(Font)              <6> on input line 10.
Missing character: There is no ï in font cmr10!
Missing character: There is no ¿ in font cmr10!
Missing character: There is no ½ in font cmr10!
 [1

{C:/Users/crisologo/AppData/Local/MiKTeX/2.9/pdftex/config/pdftex.map}] [2] (ex
ample2.aux) ) 
Here is how much of TeX's memory you used:
 237 strings out of 493333
 2569 string characters out of 3128407
 57255 words of memory out of 3000000
 3840 multiletter control sequences out of 15000+200000
 8502 words of font info for 30 fonts, out of 3000000 for 9000
 1141 hyphenation exceptions out of 8191
 23i,6n,19p,1324b,199s stack positions out of 5000i,500n,10000p,200000b,50000s
<C:/Users/crisologo/AppData/Local/Programs/MiKTeX 2.9/fonts/type1/
public/amsfonts/cm/cmbx10.pfb><C:/Users/crisologo/AppData/Local/Programs/MiKTeX
 2.9/fonts/type1/public/amsfonts/cm/cmbx12.pfb><C:/Users/crisologo/AppData/Loca
l/Programs/MiKTeX 2.9/fonts/type1/public/amsfonts/cm/cmbx9.pfb><C:/Users/crisol
ogo/AppData/Local/Programs/MiKTeX 2.9/fonts/type1/public/amsfonts/cm/cmr10.pfb>
<C:/Users/crisologo/AppData/Local/Programs/MiKTeX 2.9/fonts/type1/public/amsfon
ts/cm/cmr12.pfb><C:/Users/crisologo/AppData/Local/Programs/MiKTeX 2.9/fonts/typ
e1/public/amsfonts/cm/cmr17.pfb><C:/Users/crisologo/AppData/Local/Programs/MiKT
eX 2.9/fonts/type1/public/amsfonts/cm/cmr9.pfb>
Output written on example2.pdf (2 pages, 107163 bytes).
PDF statistics:
 37 PDF objects out of 1000 (max. 8388607)
 0 named destinations out of 1000 (max. 500000)
 1 words of extra memory for PDF output out of 10000 (max. 10000000)

